Hog: server=127.0.0.1 port=11211 nkeys=300000 valsize=4096
Command terminated by signal 2
	Command being timed: "./scripts/memcached_hog.sh 127.0.0.1 11211 300000 4096"
	User time (seconds): 12.93
	System time (seconds): 44.35
	Percent of CPU this job got: 25%
	Elapsed (wall clock) time (h:mm:ss or m:ss): 3:43.48
	Average shared text size (kbytes): 0
	Average unshared data size (kbytes): 0
	Average stack size (kbytes): 0
	Average total size (kbytes): 0
	Maximum resident set size (kbytes): 33160
	Average resident set size (kbytes): 0
	Major (requiring I/O) page faults: 0
	Minor (reclaiming a frame) page faults: 15942299
	Voluntary context switches: 291237
	Involuntary context switches: 146574
	Swaps: 0
	File system inputs: 0
	File system outputs: 8
	Socket messages sent: 0
	Socket messages received: 0
	Signals delivered: 0
	Page size (bytes): 4096
	Exit status: 0
