Command terminated by signal 2
	Command being timed: "./scripts/memcached_hog.sh 127.0.0.1 11211 500000"
	User time (seconds): 26.25
	System time (seconds): 93.22
	Percent of CPU this job got: 56%
	Elapsed (wall clock) time (h:mm:ss or m:ss): 3:31.90
	Average shared text size (kbytes): 0
	Average unshared data size (kbytes): 0
	Average stack size (kbytes): 0
	Average total size (kbytes): 0
	Maximum resident set size (kbytes): 53860
	Average resident set size (kbytes): 0
	Major (requiring I/O) page faults: 2
	Minor (reclaiming a frame) page faults: 11464409
	Voluntary context switches: 209005
	Involuntary context switches: 102712
	Swaps: 0
	File system inputs: 144
	File system outputs: 0
	Socket messages sent: 0
	Socket messages received: 0
	Signals delivered: 0
	Page size (bytes): 4096
	Exit status: 0
